<?xml version="1.0" encoding="UTF-8"?>
<testng-results ignored="0" total="1" passed="1" failed="0" skipped="0">
  <reporter-output>
  </reporter-output>
  <suite started-at="2025-01-03T21:37:34 CET" name="Suite" finished-at="2025-01-03T21:37:41 CET" duration-ms="7467">
    <groups>
    </groups>
    <test started-at="2025-01-03T21:37:34 CET" name="Test" finished-at="2025-01-03T21:37:41 CET" duration-ms="7467">
      <class name="com.todos.tests.AddTodoTest">
        <test-method is-config="true" signature="setupTest(java.lang.String)[pri:0, instance:com.todos.tests.AddTodoTest@223d2c72]" started-at="2025-01-03T21:37:34 CET" name="setupTest" finished-at="2025-01-03T21:37:39 CET" duration-ms="5766" status="PASS">
          <params>
            <param index="0">
              <value>
                <![CDATA[chrome]]>
              </value>
            </param>
          </params>
          <reporter-output>
          </reporter-output>
        </test-method> <!-- setupTest -->
        <test-method signature="iAddTodo()[pri:0, instance:com.todos.tests.AddTodoTest@223d2c72]" started-at="2025-01-03T21:37:39 CET" name="iAddTodo" finished-at="2025-01-03T21:37:40 CET" duration-ms="1005" status="PASS">
          <reporter-output>
          </reporter-output>
        </test-method> <!-- iAddTodo -->
        <test-method is-config="true" signature="tearDown()[pri:0, instance:com.todos.tests.AddTodoTest@223d2c72]" started-at="2025-01-03T21:37:40 CET" name="tearDown" finished-at="2025-01-03T21:37:41 CET" duration-ms="596" status="PASS">
          <reporter-output>
          </reporter-output>
        </test-method> <!-- tearDown -->
      </class> <!-- com.todos.tests.AddTodoTest -->
    </test> <!-- Test -->
  </suite> <!-- Suite -->
</testng-results>
